0 info it worked if it ends with ok
1 verbose cli [ 'c:\\Program Files (x86)\\nodejs\\node.exe',
1 verbose cli   'c:\\Program Files (x86)\\nodejs\\node_modules\\npm\\bin\\npm-cli.js',
1 verbose cli   'install',
1 verbose cli   'monment' ]
2 info using npm@1.4.28
3 info using node@v0.10.33
4 warn package.json path@0.11.14 path is also the name of a node core module.
5 warn package.json url@0.10.3 url is also the name of a node core module.
6 verbose cache add [ 'monment', null ]
7 verbose cache add name=undefined spec="monment" args=["monment",null]
8 verbose parsed url { protocol: null,
8 verbose parsed url   slashes: null,
8 verbose parsed url   auth: null,
8 verbose parsed url   host: null,
8 verbose parsed url   port: null,
8 verbose parsed url   hostname: null,
8 verbose parsed url   hash: null,
8 verbose parsed url   search: null,
8 verbose parsed url   query: null,
8 verbose parsed url   pathname: 'monment',
8 verbose parsed url   path: 'monment',
8 verbose parsed url   href: 'monment' }
9 silly lockFile 0173e095-monment monment
10 verbose lock monment C:\Users\Michael\AppData\Roaming\npm-cache\0173e095-monment.lock
11 silly lockFile 0173e095-monment monment
12 silly lockFile 0173e095-monment monment
13 verbose addNamed [ 'monment', '' ]
14 verbose addNamed [ null, '*' ]
15 silly lockFile 4584204f-monment monment@
16 verbose lock monment@ C:\Users\Michael\AppData\Roaming\npm-cache\4584204f-monment.lock
17 silly addNameRange { name: 'monment', range: '*', hasData: false }
18 verbose request where is /monment
19 verbose request registry https://registry.npmjs.org/
20 verbose request id 77cec47f1945a23c
21 verbose url raw /monment
22 verbose url resolving [ 'https://registry.npmjs.org/', './monment' ]
23 verbose url resolved https://registry.npmjs.org/monment
24 verbose request where is https://registry.npmjs.org/monment
25 info trying registry request attempt 1 at 00:15:21
26 http GET https://registry.npmjs.org/monment
27 http 404 https://registry.npmjs.org/monment
28 verbose headers { server: 'CouchDB/1.5.0 (Erlang OTP/R16B03)',
28 verbose headers   'content-type': 'application/json',
28 verbose headers   'cache-control': 'max-age=0',
28 verbose headers   'content-length': '51',
28 verbose headers   'accept-ranges': 'bytes',
28 verbose headers   date: 'Sun, 12 Jul 2015 23:15:21 GMT',
28 verbose headers   via: '1.1 varnish',
28 verbose headers   age: '0',
28 verbose headers   connection: 'keep-alive',
28 verbose headers   'x-served-by': 'cache-lhr6335-LHR',
28 verbose headers   'x-cache': 'MISS',
28 verbose headers   'x-cache-hits': '0',
28 verbose headers   'x-timer': 'S1436742921.270103,VS0,VE648' }
29 silly registry.get cb [ 404,
29 silly registry.get   { server: 'CouchDB/1.5.0 (Erlang OTP/R16B03)',
29 silly registry.get     'content-type': 'application/json',
29 silly registry.get     'cache-control': 'max-age=0',
29 silly registry.get     'content-length': '51',
29 silly registry.get     'accept-ranges': 'bytes',
29 silly registry.get     date: 'Sun, 12 Jul 2015 23:15:21 GMT',
29 silly registry.get     via: '1.1 varnish',
29 silly registry.get     age: '0',
29 silly registry.get     connection: 'keep-alive',
29 silly registry.get     'x-served-by': 'cache-lhr6335-LHR',
29 silly registry.get     'x-cache': 'MISS',
29 silly registry.get     'x-cache-hits': '0',
29 silly registry.get     'x-timer': 'S1436742921.270103,VS0,VE648' } ]
30 silly lockFile 4584204f-monment monment@
31 silly lockFile 4584204f-monment monment@
32 error 404 404 Not Found: monment
32 error 404
32 error 404 'monment' is not in the npm registry.
32 error 404 You should bug the author to publish it
32 error 404
32 error 404 Note that you can also install from a
32 error 404 tarball, folder, or http url, or git url.
33 error System Windows_NT 6.1.7601
34 error command "c:\\Program Files (x86)\\nodejs\\node.exe" "c:\\Program Files (x86)\\nodejs\\node_modules\\npm\\bin\\npm-cli.js" "install" "monment"
35 error cwd c:\Users\Michael\Desktop\Msc Soton\Summer\Restful server
36 error node -v v0.10.33
37 error npm -v 1.4.28
38 error code E404
39 verbose exit [ 1, true ]
